


ARM Macro Assembler    Page 1 


    1 00000000         ; IO.s
    2 00000000         ; Student names: change this to your names or look very 
                       silly
    3 00000000         ; Last modification date: change this to the last modifi
                       cation date or look very silly
    4 00000000         
    5 00000000         ; Runs on LM4F120 or TM4C123
    6 00000000         ; EE319K lab 7 device driver for the switch and LED
    7 00000000         ; You are allowed to use any switch and any LED, 
    8 00000000         ; although the Lab suggests the SW1 switch PF4 and Red L
                       ED PF1
    9 00000000         
   10 00000000         ; As part of Lab 7, students need to implement these thr
                       ee functions
   11 00000000         
   12 00000000         ;  This example accompanies the book
   13 00000000         ;  "Embedded Systems: Introduction to ARM Cortex M Micro
                       controllers"
   14 00000000         ;  ISBN: 978-1469998749, Jonathan Valvano, copyright (c)
                        2013
   15 00000000         ;
   16 00000000         ;Copyright 2013 by Jonathan W. Valvano, valvano@mail.ute
                       xas.edu
   17 00000000         ;   You may use, edit, run or distribute this file
   18 00000000         ;   as long as the above copyright notice remains
   19 00000000         ;THIS SOFTWARE IS PROVIDED "AS IS".  NO WARRANTIES, WHET
                       HER EXPRESS, IMPLIED
   20 00000000         ;OR STATUTORY, INCLUDING, BUT NOT LIMITED TO, IMPLIED WA
                       RRANTIES OF
   21 00000000         ;MERCHANTABILITY AND FITNESS FOR A PARTICULAR PURPOSE AP
                       PLY TO THIS SOFTWARE.
   22 00000000         ;VALVANO SHALL NOT, IN ANY CIRCUMSTANCES, BE LIABLE FOR 
                       SPECIAL, INCIDENTAL,
   23 00000000         ;OR CONSEQUENTIAL DAMAGES, FOR ANY REASON WHATSOEVER.
   24 00000000         ;For more information about my classes, my research, and
                        my books, see
   25 00000000         ;http://users.ece.utexas.edu/~valvano/
   26 00000000         
   27 00000000         ; negative logic SW2 connected to PF0 on the Launchpad
   28 00000000         ; red LED connected to PF1 on the Launchpad
   29 00000000         ; blue LED connected to PF2 on the Launchpad
   30 00000000         ; green LED connected to PF3 on the Launchpad
   31 00000000         ; negative logic SW1 connected to PF4 on the Launchpad
   32 00000000         
   33 00000000                 EXPORT           IO_Init
   34 00000000                 EXPORT           IO_Touch
   35 00000000                 EXPORT           IO_HeartBeat
   36 00000000         
   37 00000000 400253FC 
                       GPIO_PORTF_DATA_R
                               EQU              0x400253FC
   38 00000000 40025400 
                       GPIO_PORTF_DIR_R
                               EQU              0x40025400
   39 00000000 40025420 
                       GPIO_PORTF_AFSEL_R
                               EQU              0x40025420
   40 00000000 40025510 
                       GPIO_PORTF_PUR_R



ARM Macro Assembler    Page 2 


                               EQU              0x40025510
   41 00000000 4002551C 
                       GPIO_PORTF_DEN_R
                               EQU              0x4002551C
   42 00000000 40025520 
                       GPIO_PORTF_LOCK_R
                               EQU              0x40025520
   43 00000000 40025524 
                       GPIO_PORTF_CR_R
                               EQU              0x40025524
   44 00000000 40025528 
                       GPIO_PORTF_AMSEL_R
                               EQU              0x40025528
   45 00000000 4002552C 
                       GPIO_PORTF_PCTL_R
                               EQU              0x4002552C
   46 00000000 4C4F434B 
                       GPIO_LOCK_KEY
                               EQU              0x4C4F434B  ; Unlocks the GPIO_
                                                            CR register
   47 00000000         
   48 00000000 400FE108 
                       SYSCTL_RCGC2_R
                               EQU              0x400FE108
   49 00000000         
   50 00000000                 AREA             |.text|, CODE, READONLY, ALIGN=
2
   51 00000000                 THUMB
   52 00000000         
   53 00000000         ;------------IO_Init------------
   54 00000000         ; Initialize GPIO Port for a switch and an LED
   55 00000000         ; Input: none
   56 00000000         ; Output: none
   57 00000000         ; Invariables: This function must not permanently modify
                        registers R4 to R11
   58 00000000         IO_Init
   59 00000000         
   60 00000000 E92D 0FF0       PUSH             {R4-R11}
   61 00000004         
   62 00000004 4820            LDR              R0, =SYSCTL_RCGC2_R
   63 00000006 6801            LDR              R1, [R0]
   64 00000008 F041 0120       ORR              R1, R1, #0x20
   65 0000000C 6001            STR              R1, [R0]
   66 0000000E         
   67 0000000E BF00            NOP
   68 00000010 BF00            NOP
   69 00000012         
   70 00000012 481E            LDR              R0, =GPIO_PORTF_AFSEL_R
   71 00000014 F04F 0100       MOV              R1, #0
   72 00000018 6001            STR              R1, [R0]
   73 0000001A         
   74 0000001A 481D            LDR              R0, =GPIO_PORTF_AMSEL_R
   75 0000001C F04F 0100       MOV              R1, #0
   76 00000020 6001            STR              R1, [R0]
   77 00000022         
   78 00000022 481C            LDR              R0, =GPIO_PORTF_DEN_R
   79 00000024 6801            LDR              R1, [R0]
   80 00000026 F041 0114       ORR              R1, R1, #0x14
   81 0000002A 6001            STR              R1, [R0]



ARM Macro Assembler    Page 3 


   82 0000002C         
   83 0000002C 481A            LDR              R0, =GPIO_PORTF_PUR_R
   84 0000002E 6801            LDR              R1, [R0]
   85 00000030 F041 0110       ORR              R1, R1, #0x10
   86 00000034 6001            STR              R1, [R0]
   87 00000036         
   88 00000036 4819            LDR              R0, =GPIO_PORTF_PCTL_R
   89 00000038 F04F 0100       MOV              R1, #0
   90 0000003C 6001            STR              R1, [R0]
   91 0000003E         
   92 0000003E 4818            LDR              R0, =GPIO_PORTF_DIR_R
   93 00000040 6801            LDR              R1, [R0]
   94 00000042 F021 0110       BIC              R1, R1, #0x10
   95 00000046 F041 0104       ORR              R1, R1, #0x04
   96 0000004A 6001            STR              R1, [R0]
   97 0000004C         
   98 0000004C E8BD 0FF0       POP              {R4-R11}
   99 00000050 4770            BX               LR
  100 00000052         ;* * * * * * * * End of IO_Init * * * * * * * * 
  101 00000052         
  102 00000052         ;------------IO_HeartBeat------------
  103 00000052         ; Toggle the output state of the  LED.
  104 00000052         ; Input: none
  105 00000052         ; Output: none
  106 00000052         ; Invariables: This function must not permanently modify
                        registers R4 to R11
  107 00000052         IO_HeartBeat
  108 00000052         
  109 00000052 E92D 0FF0       PUSH             {R4-R11}
  110 00000056         
  111 00000056 4813            LDR              R0, =GPIO_PORTF_DATA_R
  112 00000058 6801            LDR              R1, [R0]
  113 0000005A F081 0104       EOR              R1, R1, #0x04
  114 0000005E 6001            STR              R1, [R0]
  115 00000060         
  116 00000060 E8BD 0FF0       POP              {R4-R11}
  117 00000064         
  118 00000064 4770            BX               LR
  119 00000066         ;* * * * * * * * End of IO_HeartBeat * * * * * * * * 
  120 00000066         
  121 00000066         ;------------IO_Touch------------
  122 00000066         ; wait for release and touch of the switch
  123 00000066         ; Input: none
  124 00000066         ; Output: none
  125 00000066         ; This is a public function
  126 00000066         ; Invariables: This function must not permanently modify
                        registers R4 to R11
  127 00000066         IO_Touch
  128 00000066 E92D 0FF0       PUSH             {R4-R11}
  129 0000006A         
  130 0000006A 480E    LOOP    LDR              R0, =GPIO_PORTF_DATA_R
  131 0000006C 6801            LDR              R1, [R0]
  132 0000006E F011 0110       ANDS             R1, R1, #0x10
  133 00000072 D000            BEQ              stay_on
  134 00000074 E7F9            B                LOOP
  135 00000076 480B    stay_on LDR              R0, =GPIO_PORTF_DATA_R
  136 00000078 6801            LDR              R1, [R0]
  137 0000007A F011 0110       ANDS             R1, R1, #0x10
  138 0000007E D0FA            BEQ              stay_on



ARM Macro Assembler    Page 4 


  139 00000080         
  140 00000080 E8BD 0FF0       POP              {R4-R11}
  141 00000084 4770            BX               LR
  142 00000086         ;* * * * * * * * End of IO_Touch * * * * * * * * 
  143 00000086         
  144 00000086 00 00           ALIGN                        ; make sure the end
                                                             of this section is
                                                             aligned
  145 00000088                 END                          ; end of file
              400FE108 
              40025420 
              40025528 
              4002551C 
              40025510 
              4002552C 
              40025400 
              400253FC 
Command Line: --debug --xref --cpu=Cortex-M4 --apcs=interwork --depend=.\io.d -
o.\io.o -IC:\Keil\ARM\RV31\INC -IC:\Keil\ARM\CMSIS\Include -IC:\Keil\ARM\Inc\Lu
minary --predefine="__EVAL SETA 1" --list=.\io.lst IO.s



ARM Macro Assembler    Page 1 Alphabetic symbol ordering
Relocatable symbols

.text 00000000

Symbol: .text
   Definitions
      At line 50 in file IO.s
   Uses
      None
Comment: .text unused
IO_HeartBeat 00000052

Symbol: IO_HeartBeat
   Definitions
      At line 107 in file IO.s
   Uses
      At line 35 in file IO.s
Comment: IO_HeartBeat used once
IO_Init 00000000

Symbol: IO_Init
   Definitions
      At line 58 in file IO.s
   Uses
      At line 33 in file IO.s
Comment: IO_Init used once
IO_Touch 00000066

Symbol: IO_Touch
   Definitions
      At line 127 in file IO.s
   Uses
      At line 34 in file IO.s
Comment: IO_Touch used once
LOOP 0000006A

Symbol: LOOP
   Definitions
      At line 130 in file IO.s
   Uses
      At line 134 in file IO.s
Comment: LOOP used once
stay_on 00000076

Symbol: stay_on
   Definitions
      At line 135 in file IO.s
   Uses
      At line 133 in file IO.s
      At line 138 in file IO.s

6 symbols



ARM Macro Assembler    Page 1 Alphabetic symbol ordering
Absolute symbols

GPIO_LOCK_KEY 4C4F434B

Symbol: GPIO_LOCK_KEY
   Definitions
      At line 46 in file IO.s
   Uses
      None
Comment: GPIO_LOCK_KEY unused
GPIO_PORTF_AFSEL_R 40025420

Symbol: GPIO_PORTF_AFSEL_R
   Definitions
      At line 39 in file IO.s
   Uses
      At line 70 in file IO.s
Comment: GPIO_PORTF_AFSEL_R used once
GPIO_PORTF_AMSEL_R 40025528

Symbol: GPIO_PORTF_AMSEL_R
   Definitions
      At line 44 in file IO.s
   Uses
      At line 74 in file IO.s
Comment: GPIO_PORTF_AMSEL_R used once
GPIO_PORTF_CR_R 40025524

Symbol: GPIO_PORTF_CR_R
   Definitions
      At line 43 in file IO.s
   Uses
      None
Comment: GPIO_PORTF_CR_R unused
GPIO_PORTF_DATA_R 400253FC

Symbol: GPIO_PORTF_DATA_R
   Definitions
      At line 37 in file IO.s
   Uses
      At line 111 in file IO.s
      At line 130 in file IO.s
      At line 135 in file IO.s

GPIO_PORTF_DEN_R 4002551C

Symbol: GPIO_PORTF_DEN_R
   Definitions
      At line 41 in file IO.s
   Uses
      At line 78 in file IO.s
Comment: GPIO_PORTF_DEN_R used once
GPIO_PORTF_DIR_R 40025400

Symbol: GPIO_PORTF_DIR_R
   Definitions
      At line 38 in file IO.s
   Uses
      At line 92 in file IO.s
Comment: GPIO_PORTF_DIR_R used once
GPIO_PORTF_LOCK_R 40025520



ARM Macro Assembler    Page 2 Alphabetic symbol ordering
Absolute symbols


Symbol: GPIO_PORTF_LOCK_R
   Definitions
      At line 42 in file IO.s
   Uses
      None
Comment: GPIO_PORTF_LOCK_R unused
GPIO_PORTF_PCTL_R 4002552C

Symbol: GPIO_PORTF_PCTL_R
   Definitions
      At line 45 in file IO.s
   Uses
      At line 88 in file IO.s
Comment: GPIO_PORTF_PCTL_R used once
GPIO_PORTF_PUR_R 40025510

Symbol: GPIO_PORTF_PUR_R
   Definitions
      At line 40 in file IO.s
   Uses
      At line 83 in file IO.s
Comment: GPIO_PORTF_PUR_R used once
SYSCTL_RCGC2_R 400FE108

Symbol: SYSCTL_RCGC2_R
   Definitions
      At line 48 in file IO.s
   Uses
      At line 62 in file IO.s
Comment: SYSCTL_RCGC2_R used once
11 symbols
350 symbols in table
